INFO:__main__:cargando config.yaml ...
INFO:__main__:config.yaml cargado ...
INFO:__main__:iniciando workers ...
INFO:__main__:workers inicializados ...
INFO:__main__:inicializando poblacion ...
INFO:__main__:poblacion inicializada ...
INFO:__main__:primer fitness: 3.12473, {'cohesion': '0.84833', 'to_goal': '0.47041', 'inside': '0.00000', 'driving': '1.80600', 'finish': '0.00000'}
INFO:__main__:iniciando evolucion
INFO:__main__:generacion 2 - fitness superado: 3.57784, {'cohesion': '0.83569', 'to_goal': '0.44416', 'inside': '0.00000', 'driving': '2.29800', 'finish': '0.00000'}
INFO:__main__:generacion 3 - fitness superado: 3.75682, {'cohesion': '0.89158', 'to_goal': '0.54924', 'inside': '0.00000', 'driving': '2.31600', 'finish': '0.00000'}
INFO:__main__:generacion 4 - fitness superado: 4.30924, {'cohesion': '0.89281', 'to_goal': '0.43443', 'inside': '0.00000', 'driving': '2.98200', 'finish': '0.00000'}
INFO:__main__:generacion 5 - fitness superado: 5.18791, {'cohesion': '0.98978', 'to_goal': '1.50412', 'inside': '0.00000', 'driving': '2.69400', 'finish': '0.00000'}
INFO:__main__:generacion 24 - fitness superado: 5.22595, {'cohesion': '0.99146', 'to_goal': '1.60574', 'inside': '0.00000', 'driving': '2.62874', 'finish': '0.00000'}
INFO:__main__:generacion 64 - fitness superado: 5.78032, {'cohesion': '0.98907', 'to_goal': '2.00000', 'inside': '0.00000', 'driving': '2.79125', 'finish': '0.00000'}
INFO:__main__:generacion 105 - fitness superado: 5.80801, {'cohesion': '0.99193', 'to_goal': '1.91094', 'inside': '0.00000', 'driving': '2.90514', 'finish': '0.00000'}
INFO:__main__:generacion 158 - fitness superado: 5.88205, {'cohesion': '0.99375', 'to_goal': '1.88830', 'inside': '0.00000', 'driving': '3.00000', 'finish': '0.00000'}
INFO:__main__:generacion 173 - fitness superado: 5.99430, {'cohesion': '0.99430', 'to_goal': '2.00000', 'inside': '0.00000', 'driving': '3.00000', 'finish': '0.00000'}
INFO:__main__:generacion 767 - fitness superado: 5.99494, {'cohesion': '0.99494', 'to_goal': '2.00000', 'inside': '0.00000', 'driving': '3.00000', 'finish': '0.00000'}
INFO:__main__:generacion 1076 - fitness superado: 5.99530, {'cohesion': '0.99530', 'to_goal': '2.00000', 'inside': '0.00000', 'driving': '3.00000', 'finish': '0.00000'}
INFO:__main__:deteniendo workers
INFO:__main__:guardando modelo de mejor individuo
INFO:__main__:guardado modelo 20251116_231538.npy
INFO:__main__:Programa finalizado en 861.7283225451334 minutos
