INFO:__main__:cargando config.yaml ...
INFO:__main__:config.yaml cargado ...
INFO:__main__:iniciando workers ...
INFO:__main__:workers inicializados ...
INFO:__main__:inicializando poblacion ...
INFO:__main__:poblacion inicializada ...
INFO:__main__:primer fitness: -0.91991, {'ticks_to_finish': '-1.00000', 'ovejas_dentro_rate': '0.08000', 'driving_rate': '0.00000', 'distancia_promedio': '0.00009'}
INFO:__main__:iniciando evolucion
INFO:__main__:generacion 10 - fitness superado: -0.91990, {'ticks_to_finish': '-1.00000', 'ovejas_dentro_rate': '0.08000', 'driving_rate': '0.00000', 'distancia_promedio': '0.00010'}
INFO:__main__:generacion 20 - fitness superado: -0.91989, {'ticks_to_finish': '-1.00000', 'ovejas_dentro_rate': '0.08000', 'driving_rate': '0.00000', 'distancia_promedio': '0.00011'}
INFO:__main__:generacion 37 - fitness superado: -0.91987, {'ticks_to_finish': '-1.00000', 'ovejas_dentro_rate': '0.08000', 'driving_rate': '0.00000', 'distancia_promedio': '0.00013'}
INFO:__main__:generacion 48 - fitness superado: -0.91986, {'ticks_to_finish': '-1.00000', 'ovejas_dentro_rate': '0.08000', 'driving_rate': '0.00000', 'distancia_promedio': '0.00014'}
INFO:__main__:generacion 49 - fitness superado: -0.89991, {'ticks_to_finish': '-1.00000', 'ovejas_dentro_rate': '0.10000', 'driving_rate': '0.00000', 'distancia_promedio': '0.00009'}
INFO:__main__:generacion 114 - fitness superado: -0.89990, {'ticks_to_finish': '-1.00000', 'ovejas_dentro_rate': '0.10000', 'driving_rate': '0.00000', 'distancia_promedio': '0.00010'}
INFO:__main__:generacion 159 - fitness superado: -0.89982, {'ticks_to_finish': '-1.00000', 'ovejas_dentro_rate': '0.10000', 'driving_rate': '0.00000', 'distancia_promedio': '0.00018'}
INFO:__main__:generacion 1333 - fitness superado: -0.87992, {'ticks_to_finish': '-1.00000', 'ovejas_dentro_rate': '0.12000', 'driving_rate': '0.00000', 'distancia_promedio': '0.00008'}
INFO:__main__:generacion 2153 - fitness superado: -0.87989, {'ticks_to_finish': '-1.00000', 'ovejas_dentro_rate': '0.12000', 'driving_rate': '0.00000', 'distancia_promedio': '0.00011'}
INFO:__main__:generacion 5548 - fitness superado: -0.87983, {'ticks_to_finish': '-1.00000', 'ovejas_dentro_rate': '0.12000', 'driving_rate': '0.00000', 'distancia_promedio': '0.00017'}
INFO:__main__:generacion 20529 - fitness superado: -0.85980, {'ticks_to_finish': '-1.00000', 'ovejas_dentro_rate': '0.14000', 'driving_rate': '0.00000', 'distancia_promedio': '0.00020'}
INFO:__main__:evolucion terminada exitosamente
INFO:__main__:deteniendo workers
INFO:__main__:guardando modelo de mejor individuo
INFO:__main__:guardado modelo 20251113_232239.npy
INFO:__main__:Programa finalizado en 246.83311726641668 minutos
