INFO:__main__:cargando config.yaml ...
INFO:__main__:config.yaml cargado ...
INFO:__main__:iniciando workers ...
INFO:__main__:workers inicializados ...
INFO:__main__:inicializando poblacion ...
INFO:__main__:poblacion inicializada ...
INFO:__main__:primer fitness: -0.60, {'ticks_to_finish': '-1.00', 'ovejas_dentro_rate': '0.40', 'driving_rate': '0.00', 'distancia_promedio': '0.00'}
INFO:__main__:iniciando evolucion
INFO:__main__:generacion 1 - fitness superado: -0.60, {'ticks_to_finish': '-1.00', 'ovejas_dentro_rate': '0.40', 'driving_rate': '0.00', 'distancia_promedio': '0.00'}
INFO:__main__:generacion 2 - fitness superado: -0.40, {'ticks_to_finish': '-1.00', 'ovejas_dentro_rate': '0.60', 'driving_rate': '0.00', 'distancia_promedio': '0.00'}
INFO:__main__:generacion 16 - fitness superado: -0.40, {'ticks_to_finish': '-1.00', 'ovejas_dentro_rate': '0.60', 'driving_rate': '0.00', 'distancia_promedio': '0.00'}
INFO:__main__:generacion 74 - fitness superado: -0.40, {'ticks_to_finish': '-1.00', 'ovejas_dentro_rate': '0.60', 'driving_rate': '0.00', 'distancia_promedio': '0.00'}
INFO:__main__:generacion 132 - fitness superado: -0.40, {'ticks_to_finish': '-1.00', 'ovejas_dentro_rate': '0.60', 'driving_rate': '0.00', 'distancia_promedio': '0.00'}
INFO:__main__:generacion 151 - fitness superado: -0.20, {'ticks_to_finish': '-1.00', 'ovejas_dentro_rate': '0.80', 'driving_rate': '0.00', 'distancia_promedio': '0.00'}
INFO:__main__:generacion 275 - fitness superado: -0.20, {'ticks_to_finish': '-1.00', 'ovejas_dentro_rate': '0.80', 'driving_rate': '0.00', 'distancia_promedio': '0.00'}
INFO:__main__:generacion 391 - fitness superado: -0.20, {'ticks_to_finish': '-1.00', 'ovejas_dentro_rate': '0.80', 'driving_rate': '0.00', 'distancia_promedio': '0.00'}
INFO:__main__:evolucion terminada exitosamente
INFO:__main__:deteniendo workers
INFO:__main__:guardando modelo de mejor individuo
INFO:__main__:guardado modelo 20251113_204921.npy
INFO:__main__:Programa finalizado en 2.943127695000021 minutos
