INFO:__main__:cargando config.yaml ...
INFO:__main__:config.yaml cargado ...
INFO:__main__:iniciando workers ...
INFO:__main__:workers inicializados ...
INFO:__main__:inicializando poblacion ...
INFO:__main__:poblacion inicializada ...
INFO:__main__:primer fitness: 4.42194, {'cohesion': '0.99155', 'to_goal': '0.43039', 'inside': '0.00000', 'driving': '3.00000', 'finish': '0.00000'}
INFO:__main__:iniciando evolucion
INFO:__main__:generacion 2 - fitness superado: 4.43865, {'cohesion': '0.98564', 'to_goal': '0.46801', 'inside': '0.00000', 'driving': '2.98500', 'finish': '0.00000'}
INFO:__main__:generacion 3 - fitness superado: 4.48606, {'cohesion': '0.94078', 'to_goal': '0.44528', 'inside': '0.10000', 'driving': '3.00000', 'finish': '0.00000'}
INFO:__main__:generacion 4 - fitness superado: 4.49546, {'cohesion': '0.95385', 'to_goal': '0.44160', 'inside': '0.10000', 'driving': '3.00000', 'finish': '0.00000'}
INFO:__main__:generacion 5 - fitness superado: 4.52408, {'cohesion': '0.97545', 'to_goal': '0.44863', 'inside': '0.10000', 'driving': '3.00000', 'finish': '0.00000'}
INFO:__main__:generacion 7 - fitness superado: 4.54239, {'cohesion': '0.93004', 'to_goal': '0.41235', 'inside': '0.20000', 'driving': '3.00000', 'finish': '0.00000'}
INFO:__main__:generacion 16 - fitness superado: 5.23398, {'cohesion': '0.95366', 'to_goal': '0.49502', 'inside': '0.80000', 'driving': '2.98529', 'finish': '0.00000'}
INFO:__main__:generacion 80 - fitness superado: 5.29227, {'cohesion': '0.99331', 'to_goal': '0.49896', 'inside': '0.80000', 'driving': '3.00000', 'finish': '0.00000'}
INFO:__main__:generacion 242 - fitness superado: 5.37412, {'cohesion': '0.97761', 'to_goal': '0.49651', 'inside': '0.90000', 'driving': '3.00000', 'finish': '0.00000'}
INFO:__main__:generacion 529 - fitness superado: 7.49864, {'cohesion': '0.99997', 'to_goal': '0.49867', 'inside': '1.00000', 'driving': '3.00000', 'finish': '2.00000'}
INFO:__main__:evolucion terminada exitosamente
INFO:__main__:deteniendo workers
INFO:__main__:guardando modelo de mejor individuo
INFO:__main__:guardado modelo 20251115_184517.npy
INFO:__main__:Programa finalizado en 168.84056117241659 minutos
