INFO:__main__:cargando config.yaml ...
INFO:__main__:config.yaml cargado ...
INFO:__main__:iniciando workers ...
INFO:__main__:workers inicializados ...
INFO:__main__:inicializando poblacion ...
INFO:__main__:poblacion inicializada ...
INFO:__main__:primer fitness: 4.55949, {'cohesion': '0.98076', 'to_goal': '0.83373', 'inside': '0.00000', 'driving': '2.74500', 'finish': '0.00000'}
INFO:__main__:iniciando evolucion
INFO:__main__:generacion 1 - fitness superado: 4.90385, {'cohesion': '0.99235', 'to_goal': '0.93150', 'inside': '0.10000', 'driving': '2.88000', 'finish': '0.00000'}
INFO:__main__:generacion 22 - fitness superado: 4.92461, {'cohesion': '0.95915', 'to_goal': '0.90772', 'inside': '0.10000', 'driving': '2.95775', 'finish': '0.00000'}
INFO:__main__:generacion 25 - fitness superado: 4.92717, {'cohesion': '0.99275', 'to_goal': '0.93442', 'inside': '0.00000', 'driving': '3.00000', 'finish': '0.00000'}
INFO:__main__:generacion 32 - fitness superado: 4.94816, {'cohesion': '0.99312', 'to_goal': '0.95504', 'inside': '0.00000', 'driving': '3.00000', 'finish': '0.00000'}
INFO:__main__:generacion 45 - fitness superado: 5.00852, {'cohesion': '0.98175', 'to_goal': '0.92678', 'inside': '0.10000', 'driving': '3.00000', 'finish': '0.00000'}
INFO:__main__:generacion 99 - fitness superado: 5.35244, {'cohesion': '0.94280', 'to_goal': '0.95597', 'inside': '0.50000', 'driving': '2.95367', 'finish': '0.00000'}
INFO:__main__:generacion 127 - fitness superado: 5.49789, {'cohesion': '0.97834', 'to_goal': '0.99129', 'inside': '0.80000', 'driving': '2.72826', 'finish': '0.00000'}
INFO:__main__:evolucion terminada exitosamente
INFO:__main__:deteniendo workers
INFO:__main__:guardando modelo de mejor individuo
INFO:__main__:guardado modelo 20251115_182253.npy
INFO:__main__:Programa finalizado en 16.76694272785001 minutos
